TN:
SF:app.js
FN:10,(anonymous_0)
FN:19,(anonymous_1)
FNF:2
FNH:2
FNDA:1,(anonymous_0)
FNDA:1,(anonymous_1)
DA:1,1
DA:2,1
DA:3,1
DA:4,1
DA:5,1
DA:7,1
DA:8,1
DA:10,1
DA:11,1
DA:12,1
DA:15,0
DA:19,1
DA:20,1
DA:21,1
DA:26,1
LF:15
LH:14
BRF:0
BRH:0
end_of_record
TN:
SF:src\controllers\project.js
FN:3,(anonymous_0)
FN:17,(anonymous_1)
FN:32,(anonymous_2)
FN:47,(anonymous_3)
FNF:4
FNH:3
FNDA:1,(anonymous_0)
FNDA:0,(anonymous_1)
FNDA:2,(anonymous_2)
FNDA:4,(anonymous_3)
DA:1,2
DA:3,2
DA:4,1
DA:5,1
DA:6,1
DA:10,0
DA:11,0
DA:17,2
DA:18,0
DA:19,0
DA:21,0
DA:25,0
DA:26,0
DA:32,2
DA:33,2
DA:34,2
DA:35,1
DA:40,1
DA:41,1
DA:47,2
DA:48,4
DA:49,4
DA:50,4
DA:51,4
DA:53,3
DA:55,1
DA:56,1
LF:27
LH:20
BRF:0
BRH:0
end_of_record
TN:
SF:src\models\project.js
FNF:0
FNH:0
DA:1,3
DA:3,3
DA:5,3
DA:31,3
LF:4
LH:4
BRF:0
BRH:0
end_of_record
TN:
SF:src\routes\projects.js
FNF:0
FNH:0
DA:1,1
DA:3,1
DA:5,1
DA:7,1
DA:8,1
DA:9,1
DA:10,1
DA:12,1
LF:8
LH:8
BRF:0
BRH:0
end_of_record
TN:
SF:src\services\projects.js
FN:4,(anonymous_0)
FN:9,(anonymous_1)
FN:14,(anonymous_2)
FN:26,(anonymous_3)
FN:34,(anonymous_4)
FNF:5
FNH:4
FNDA:1,(anonymous_0)
FNDA:0,(anonymous_1)
FNDA:2,(anonymous_2)
FNDA:4,(anonymous_3)
FNDA:1,(anonymous_4)
DA:1,3
DA:2,3
DA:4,3
DA:5,1
DA:6,1
DA:9,3
DA:10,0
DA:11,0
DA:14,3
DA:15,2
DA:23,2
DA:26,3
DA:27,4
DA:34,3
DA:35,1
LF:15
LH:13
BRF:0
BRH:0
end_of_record
